2016-08-31T22:19:09.453Z - [32minfo[39m: [RedisClient] Redis client connected to redis://127.0.0.1:6379
2016-08-31T22:19:09.455Z - [32minfo[39m: [Endpoint] Connecting to ssl.redsmin.com:993...
2016-08-31T22:19:10.077Z - [34mdebug[39m: [Endpoint] Connected
2016-08-31T22:19:10.077Z - [34mdebug[39m: [Endpoint] Handshaking...
2016-08-31T22:19:10.173Z - [34mdebug[39m: [Endpoint] Handshake succeeded
2016-08-31T22:22:01.775Z - [32minfo[39m: [RedisClient] Redis client connected to redis://127.0.0.1:6379
2016-08-31T22:22:01.776Z - [32minfo[39m: [Endpoint] Connecting to ssl.redsmin.com:993...
2016-08-31T22:22:02.182Z - [34mdebug[39m: [Endpoint] Connected
2016-08-31T22:22:02.182Z - [34mdebug[39m: [Endpoint] Handshaking...
2016-08-31T22:22:02.276Z - [31merror[39m: [Endpoint] Handshake failed: Another Redsmin-daemon is already connected with this key.
2016-08-31T22:22:02.276Z - [31merror[39m: Edit configuration file with `redsmin set_key`, see http://bit.ly/YAIeAM
2016-08-31T22:22:02.276Z - [31merror[39m: Exiting...
2016-08-31T22:22:03.479Z - [32minfo[39m: [RedisClient] Redis client connected to redis://127.0.0.1:6379
2016-08-31T22:22:03.480Z - [32minfo[39m: [Endpoint] Connecting to ssl.redsmin.com:993...
2016-08-31T22:22:03.766Z - [34mdebug[39m: [Endpoint] Connected
2016-08-31T22:22:03.767Z - [34mdebug[39m: [Endpoint] Handshaking...
2016-08-31T22:22:06.853Z - [31merror[39m: [Endpoint] Handshake failed: Another Redsmin-daemon is already connected with this key.
2016-08-31T22:22:06.853Z - [31merror[39m: Edit configuration file with `redsmin set_key`, see http://bit.ly/YAIeAM
2016-08-31T22:22:06.853Z - [31merror[39m: Exiting...
2016-08-31T22:22:08.060Z - [32minfo[39m: [RedisClient] Redis client connected to redis://127.0.0.1:6379
2016-08-31T22:22:08.061Z - [32minfo[39m: [Endpoint] Connecting to ssl.redsmin.com:993...
2016-08-31T22:22:08.348Z - [34mdebug[39m: [Endpoint] Connected
2016-08-31T22:22:08.348Z - [34mdebug[39m: [Endpoint] Handshaking...
2016-08-31T22:22:17.433Z - [31merror[39m: [Endpoint] Handshake failed: Another Redsmin-daemon is already connected with this key.
2016-08-31T22:22:17.433Z - [31merror[39m: Edit configuration file with `redsmin set_key`, see http://bit.ly/YAIeAM
2016-08-31T22:22:17.433Z - [31merror[39m: Exiting...
2016-08-31T22:22:18.639Z - [32minfo[39m: [RedisClient] Redis client connected to redis://127.0.0.1:6379
2016-08-31T22:22:18.640Z - [32minfo[39m: [Endpoint] Connecting to ssl.redsmin.com:993...
2016-08-31T22:22:18.927Z - [34mdebug[39m: [Endpoint] Connected
2016-08-31T22:22:18.927Z - [34mdebug[39m: [Endpoint] Handshaking...
2016-08-31T22:22:28.927Z - [31merror[39m: [Endpoint] Connection closed 
2016-08-31T22:22:28.927Z - [34mdebug[39m: onClose():: reconnecting...
2016-08-31T22:22:29.679Z - [32minfo[39m: [Endpoint] Reconnecting...
2016-08-31T22:22:29.679Z - [32minfo[39m: [Endpoint] Connecting to ssl.redsmin.com:993...
2016-08-31T22:22:29.976Z - [34mdebug[39m: [Endpoint] Connected
2016-08-31T22:22:29.977Z - [34mdebug[39m: [Endpoint] Handshaking...
2016-08-31T22:22:39.974Z - [31merror[39m: [Endpoint] Connection closed 
2016-08-31T22:22:39.974Z - [34mdebug[39m: onClose():: reconnecting...
2016-08-31T22:22:40.726Z - [32minfo[39m: [Endpoint] Reconnecting...
2016-08-31T22:22:40.726Z - [32minfo[39m: [Endpoint] Connecting to ssl.redsmin.com:993...
2016-08-31T22:22:41.002Z - [34mdebug[39m: [Endpoint] Connected
2016-08-31T22:22:41.003Z - [34mdebug[39m: [Endpoint] Handshaking...
2016-08-31T22:22:51.001Z - [31merror[39m: [Endpoint] Connection closed 
2016-08-31T22:22:51.001Z - [34mdebug[39m: onClose():: reconnecting...
2016-08-31T22:22:51.752Z - [32minfo[39m: [Endpoint] Reconnecting...
2016-08-31T22:22:51.753Z - [32minfo[39m: [Endpoint] Connecting to ssl.redsmin.com:993...
2016-08-31T22:22:52.049Z - [34mdebug[39m: [Endpoint] Connected
2016-08-31T22:22:52.049Z - [34mdebug[39m: [Endpoint] Handshaking...
2016-08-31T22:23:02.048Z - [31merror[39m: [Endpoint] Connection closed 
2016-08-31T22:23:02.048Z - [34mdebug[39m: onClose():: reconnecting...
2016-08-31T22:23:02.799Z - [32minfo[39m: [Endpoint] Reconnecting...
2016-08-31T22:23:02.799Z - [32minfo[39m: [Endpoint] Connecting to ssl.redsmin.com:993...
2016-08-31T22:23:03.156Z - [34mdebug[39m: [Endpoint] Connected
2016-08-31T22:23:03.156Z - [34mdebug[39m: [Endpoint] Handshaking...
2016-08-31T22:23:13.157Z - [31merror[39m: [Endpoint] Connection closed 
2016-08-31T22:23:13.157Z - [34mdebug[39m: onClose():: reconnecting...
2016-08-31T22:23:13.908Z - [32minfo[39m: [Endpoint] Reconnecting...
2016-08-31T22:23:13.908Z - [32minfo[39m: [Endpoint] Connecting to ssl.redsmin.com:993...
2016-08-31T22:23:14.181Z - [34mdebug[39m: [Endpoint] Connected
2016-08-31T22:23:14.181Z - [34mdebug[39m: [Endpoint] Handshaking...
2016-08-31T22:23:24.182Z - [31merror[39m: [Endpoint] Connection closed 
2016-08-31T22:23:24.183Z - [34mdebug[39m: onClose():: reconnecting...
2016-08-31T22:23:24.934Z - [32minfo[39m: [Endpoint] Reconnecting...
2016-08-31T22:23:24.934Z - [32minfo[39m: [Endpoint] Connecting to ssl.redsmin.com:993...
2016-08-31T22:23:25.227Z - [34mdebug[39m: [Endpoint] Connected
2016-08-31T22:23:25.227Z - [34mdebug[39m: [Endpoint] Handshaking...
2016-08-31T22:23:35.226Z - [31merror[39m: [Endpoint] Connection closed 
2016-08-31T22:23:35.226Z - [34mdebug[39m: onClose():: reconnecting...
2016-08-31T22:23:35.977Z - [32minfo[39m: [Endpoint] Reconnecting...
2016-08-31T22:23:35.977Z - [32minfo[39m: [Endpoint] Connecting to ssl.redsmin.com:993...
2016-08-31T22:23:36.249Z - [34mdebug[39m: [Endpoint] Connected
2016-08-31T22:23:36.249Z - [34mdebug[39m: [Endpoint] Handshaking...
2016-08-31T22:23:46.250Z - [31merror[39m: [Endpoint] Connection closed 
2016-08-31T22:23:46.250Z - [34mdebug[39m: onClose():: reconnecting...
2016-08-31T22:23:47.001Z - [32minfo[39m: [Endpoint] Reconnecting...
2016-08-31T22:23:47.001Z - [32minfo[39m: [Endpoint] Connecting to ssl.redsmin.com:993...
2016-08-31T22:23:47.273Z - [34mdebug[39m: [Endpoint] Connected
2016-08-31T22:23:47.273Z - [34mdebug[39m: [Endpoint] Handshaking...
2016-08-31T22:23:57.428Z - [31merror[39m: [Endpoint] Connection closed 
2016-08-31T22:23:57.428Z - [34mdebug[39m: onClose():: reconnecting...
2016-08-31T22:23:58.179Z - [32minfo[39m: [Endpoint] Reconnecting...
2016-08-31T22:23:58.180Z - [32minfo[39m: [Endpoint] Connecting to ssl.redsmin.com:993...
2016-08-31T22:23:58.476Z - [34mdebug[39m: [Endpoint] Connected
2016-08-31T22:23:58.476Z - [34mdebug[39m: [Endpoint] Handshaking...
